package hello;
import java.util.Map;

import org.springframework.context.annotation.Bean;
import org.springframework.context.annotation.Configuration;
import org.springframework.web.servlet.ViewResolver;
import org.springframework.web.servlet.config.annotation.DefaultServletHandlerConfigurer;
import org.springframework.web.servlet.config.annotation.EnableWebMvc;
import org.springframework.web.servlet.config.annotation.WebMvcConfigurerAdapter;
import org.springframework.web.servlet.view.InternalResourceViewResolver;

@Configuration
@EnableWebMvc
public class WebConfig extends WebMvcConfigurerAdapter{
    @Bean
    public ViewResolver getViewResolver() {
        InternalResourceViewResolver resolver = new InternalResourceViewResolver();        
        resolver.setPrefix("/WEB-INF/");
        resolver.setSuffix(".html");
        
        System.out.println("InternalResourceViewResolver");        
        Map<String,Object> m = resolver.getAttributesMap();        		
        for (Map.Entry<String, Object> entry : m.entrySet()){
        	System.out.println(entry.getKey() + "/" + entry.getValue());
        }        		        	       
        return resolver;
    }

    @Override
    public void configureDefaultServletHandling(
            DefaultServletHandlerConfigurer configurer) {
        configurer.enable();
    }    
}